<?xml version="1.0" encoding="UTF-8"?>
<!-- Generated by org.testng.reporters.JUnitXMLReporter -->
<testsuite ignored="0" hostname="piercedeMacBook-Pro.local" failures="0" tests="9" name="用户管理系统测试用例" time="17.305" errors="0" timestamp="08 7月 2024 08:47:39 GMT">
  <testcase classname="com.course.cases.LoginTest" name="loginTrue" time="0.767"/>
  <testcase classname="com.course.cases.LoginTest" name="loginFalse" time="0.174"/>
  <testcase classname="com.course.cases.AddUserTest" name="addUser" time="3.116"/>
  <testcase classname="com.course.cases.GetUserInfoTest" name="getUserInfo" time="3.222"/>
  <testcase classname="com.course.cases.GetUserListTest" name="getUserList" time="3.163"/>
  <testcase classname="com.course.cases.UpdateUserInfoTest" name="updateUserInfo" time="3.145"/>
  <testcase classname="com.course.cases.UpdateUserInfoTest" name="deleteUser" time="3.149"/>
  <testcase classname="com.course.cases.UpdateUserInfoTest" name="deleteAddUser" time="0.297"/>
  <testcase classname="com.course.cases.UpdateUserInfoTest" name="recoverUser" time="0.207"/>
</testsuite> <!-- 用户管理系统测试用例 -->
