<?xml version="1.0" encoding="UTF-8"?>
<!-- Generated by org.testng.reporters.JUnitXMLReporter -->
<testsuite ignored="0" hostname="piercedeMacBook-Pro.local" failures="0" tests="9" name="用户管理系统测试用例" time="17.333" errors="0" timestamp="08 7月 2024 03:12:56 GMT">
  <testcase classname="com.course.cases.LoginTest" name="loginTrue" time="1.307"/>
  <testcase classname="com.course.cases.LoginTest" name="loginFalse" time="0.098"/>
  <testcase classname="com.course.cases.AddUserTest" name="addUser" time="3.143"/>
  <testcase classname="com.course.cases.GetUserInfoTest" name="getUserInfo" time="3.178"/>
  <testcase classname="com.course.cases.GetUserListTest" name="getUserList" time="3.132"/>
  <testcase classname="com.course.cases.UpdateUserInfoTest" name="updateUserInfo" time="3.109"/>
  <testcase classname="com.course.cases.UpdateUserInfoTest" name="deleteUser" time="3.097"/>
  <testcase classname="com.course.cases.UpdateUserInfoTest" name="deleteAddUser" time="0.102"/>
  <testcase classname="com.course.cases.UpdateUserInfoTest" name="recoverUser" time="0.098"/>
</testsuite> <!-- 用户管理系统测试用例 -->
