<?xml version="1.0" encoding="UTF-8"?>
<testng-results ignored="0" total="9" passed="9" failed="0" skipped="0">
  <reporter-output>
  </reporter-output>
  <suite started-at="2024-07-08T03:12:34Z" name="用户管理系统测试套件" finished-at="2024-07-08T03:12:51Z" duration-ms="17333">
    <groups>
      <group name="loginTrue">
        <method signature="LoginTest.loginTrue()[pri:0, instance:com.course.cases.LoginTest@1afd44cb]" name="loginTrue" class="com.course.cases.LoginTest"/>
      </group> <!-- loginTrue -->
      <group name="loginFalse">
        <method signature="LoginTest.loginFalse()[pri:0, instance:com.course.cases.LoginTest@1afd44cb]" name="loginFalse" class="com.course.cases.LoginTest"/>
      </group> <!-- loginFalse -->
    </groups>
    <test started-at="2024-07-08T03:12:34Z" name="用户管理系统测试用例" finished-at="2024-07-08T03:12:51Z" duration-ms="17333">
      <class name="com.course.cases.UpdateUserInfoTest">
        <test-method signature="updateUserInfo()[pri:0, instance:com.course.cases.UpdateUserInfoTest@479d31f3]" started-at="2024-07-08T11:12:45Z" name="updateUserInfo" description="更改用户信息测试" depends-on-groups="loginTrue" finished-at="2024-07-08T11:12:48Z" duration-ms="3109" status="PASS">
          <reporter-output>
          </reporter-output>
        </test-method> <!-- updateUserInfo -->
        <test-method signature="deleteUser()[pri:0, instance:com.course.cases.UpdateUserInfoTest@479d31f3]" started-at="2024-07-08T11:12:48Z" name="deleteUser" description="删除用户信息测试" depends-on-groups="loginTrue" finished-at="2024-07-08T11:12:51Z" duration-ms="3097" status="PASS">
          <reporter-output>
          </reporter-output>
        </test-method> <!-- deleteUser -->
        <test-method signature="deleteAddUser()[pri:0, instance:com.course.cases.UpdateUserInfoTest@479d31f3]" started-at="2024-07-08T11:12:51Z" name="deleteAddUser" description="删除刚刚添加的用户信息" depends-on-groups="loginTrue" finished-at="2024-07-08T11:12:51Z" duration-ms="102" status="PASS">
          <reporter-output>
          </reporter-output>
        </test-method> <!-- deleteAddUser -->
        <test-method signature="recoverUser()[pri:0, instance:com.course.cases.UpdateUserInfoTest@479d31f3]" started-at="2024-07-08T11:12:51Z" name="recoverUser" description="恢复刚刚update的用户信息" depends-on-groups="loginTrue" finished-at="2024-07-08T11:12:51Z" duration-ms="98" status="PASS">
          <reporter-output>
          </reporter-output>
        </test-method> <!-- recoverUser -->
      </class> <!-- com.course.cases.UpdateUserInfoTest -->
      <class name="com.course.cases.LoginTest">
        <test-method is-config="true" signature="beforeTest()[pri:0, instance:com.course.cases.LoginTest@1afd44cb]" started-at="2024-07-08T11:12:34Z" name="beforeTest" description="测试准备工作，获取HttpClient对象" finished-at="2024-07-08T11:12:34Z" duration-ms="47" status="PASS">
          <reporter-output>
          </reporter-output>
        </test-method> <!-- beforeTest -->
        <test-method signature="loginTrue()[pri:0, instance:com.course.cases.LoginTest@1afd44cb]" started-at="2024-07-08T11:12:34Z" name="loginTrue" description="用户登录成功接口测试" finished-at="2024-07-08T11:12:35Z" duration-ms="1307" status="PASS">
          <reporter-output>
          </reporter-output>
        </test-method> <!-- loginTrue -->
        <test-method signature="loginFalse()[pri:0, instance:com.course.cases.LoginTest@1afd44cb]" started-at="2024-07-08T11:12:35Z" name="loginFalse" description="用户登录失败接口测试" finished-at="2024-07-08T11:12:35Z" duration-ms="98" status="PASS">
          <reporter-output>
          </reporter-output>
        </test-method> <!-- loginFalse -->
      </class> <!-- com.course.cases.LoginTest -->
      <class name="com.course.cases.GetUserInfoTest">
        <test-method signature="getUserInfo()[pri:0, instance:com.course.cases.GetUserInfoTest@43195e57]" started-at="2024-07-08T11:12:39Z" name="getUserInfo" description="获取userId为1的用户信息" depends-on-groups="loginTrue" finished-at="2024-07-08T11:12:42Z" duration-ms="3178" status="PASS">
          <reporter-output>
          </reporter-output>
        </test-method> <!-- getUserInfo -->
      </class> <!-- com.course.cases.GetUserInfoTest -->
      <class name="com.course.cases.AddUserTest">
        <test-method signature="addUser()[pri:0, instance:com.course.cases.AddUserTest@6973b51b]" started-at="2024-07-08T11:12:35Z" name="addUser" description="添加用户接口测试" depends-on-groups="loginTrue" finished-at="2024-07-08T11:12:39Z" duration-ms="3143" status="PASS">
          <reporter-output>
          </reporter-output>
        </test-method> <!-- addUser -->
      </class> <!-- com.course.cases.AddUserTest -->
      <class name="com.course.cases.GetUserListTest">
        <test-method signature="getUserList()[pri:0, instance:com.course.cases.GetUserListTest@333291e3]" started-at="2024-07-08T11:12:42Z" name="getUserList" description="获取性别为男性的用户信息" depends-on-groups="loginTrue" finished-at="2024-07-08T11:12:45Z" duration-ms="3132" status="PASS">
          <reporter-output>
          </reporter-output>
        </test-method> <!-- getUserList -->
      </class> <!-- com.course.cases.GetUserListTest -->
    </test> <!-- 用户管理系统测试用例 -->
  </suite> <!-- 用户管理系统测试套件 -->
</testng-results>
