<?xml version="1.0" encoding="UTF-8" ?>
<testsuite tests="9" failures="0" name="TestSuite" time="23.028" errors="0" skipped="0">
  <properties>
[...]
</properties>
  <testcase classname="com.course.cases.LoginTest" name="loginTrue" time="0.767"/>
  <testcase classname="com.course.cases.LoginTest" name="loginFalse" time="0.174"/>
  <testcase classname="com.course.cases.AddUserTest" name="addUser" time="3.116"/>
  <testcase classname="com.course.cases.GetUserInfoTest" name="getUserInfo" time="3.222"/>
  <testcase classname="com.course.cases.GetUserListTest" name="getUserList" time="3.163"/>
  <testcase classname="com.course.cases.UpdateUserInfoTest" name="updateUserInfo" time="3.145"/>
  <testcase classname="com.course.cases.UpdateUserInfoTest" name="deleteUser" time="3.149"/>
  <testcase classname="com.course.cases.UpdateUserInfoTest" name="deleteAddUser" time="0.297"/>
  <testcase classname="com.course.cases.UpdateUserInfoTest" name="recoverUser" time="0.206"/>
</testsuite>